[debug] [2020-02-16T04:55:41.370Z] ----------------------------------------------------------------------
[debug] [2020-02-16T04:55:41.373Z] Command:       C:\Program Files\nodejs\node.exe C:\Users\ksato\AppData\Roaming\npm\node_modules\firebase-tools\lib\bin\firebase.js init
[debug] [2020-02-16T04:55:41.373Z] CLI Version:   7.13.0
[debug] [2020-02-16T04:55:41.373Z] Platform:      win32
[debug] [2020-02-16T04:55:41.373Z] Node Version:  v12.14.1
[debug] [2020-02-16T04:55:41.375Z] Time:          Sun Feb 16 2020 13:55:41 GMT+0900 (GMT+09:00)
[debug] [2020-02-16T04:55:41.375Z] ----------------------------------------------------------------------
[debug] [2020-02-16T04:55:41.375Z] 
[debug] [2020-02-16T04:55:41.383Z] > command requires scopes: ["email","openid","https://www.googleapis.com/auth/cloudplatformprojects.readonly","https://www.googleapis.com/auth/firebase","https://www.googleapis.com/auth/cloud-platform"]
[debug] [2020-02-16T04:55:41.384Z] > authorizing via signed-in user
[info] 
     ######## #### ########  ######## ########     ###     ######  ########
     ##        ##  ##     ## ##       ##     ##  ##   ##  ##       ##
     ######    ##  ########  ######   ########  #########  ######  ######
     ##        ##  ##    ##  ##       ##     ## ##     ##       ## ##
     ##       #### ##     ## ######## ########  ##     ##  ######  ########

You're about to initialize a Firebase project in this directory:

  C:\Users\ksato\Desktop\anime-app

[info] 
=== Project Setup
[info] 
[info] First, let's associate this project directory with a Firebase project.
[info] You can create multiple project aliases by running firebase use --add, 
[info] but for now we'll just set up a default project.
[info] 
[debug] [2020-02-16T04:56:11.812Z] >>> HTTP REQUEST GET https://firebase.googleapis.com/v1beta1/projects?pageSize=100  
 
[debug] [2020-02-16T04:56:12.948Z] <<< HTTP RESPONSE 200
[info] i  Using project anime-app-6e5dd (anime-app)
[info] 
=== Database Setup
[info] 
[info] Firebase Realtime Database Rules allow you to define how your data should be
[info] structured and when your data can be read from and written to.
[info] 
[debug] [2020-02-16T04:56:22.510Z] >>> HTTP REQUEST GET https://anime-app-6e5dd.firebaseio.com/.settings/rules.json  
 
[debug] [2020-02-16T04:56:23.434Z] <<< HTTP RESPONSE 200
[debug] [2020-02-16T04:56:23.699Z] Error: EISDIR: illegal operation on a directory, open 'C:\Users\ksato\Desktop\anime-app'
    at Object.openSync (fs.js:440:3)
    at Object.writeFileSync (fs.js:1265:35)
    at Config.writeProjectFile (C:\Users\ksato\AppData\Roaming\npm\node_modules\firebase-tools\lib\config.js:179:8)
    at C:\Users\ksato\AppData\Roaming\npm\node_modules\firebase-tools\lib\init\features\database.js:25:23
    at processTicksAndRejections (internal/process/task_queues.js:94:5)
[error] 
[error] Error: An unexpected error has occurred.
